  Compiling CUDA source file kernel.cu...
  
  D:\Codes\CUDA\OptionSystemGPU&CPU\GPUEngine\Monte-Carlo-Engine>"C:\Program Files\NVIDIA GPU Computing Toolkit\CUDA\v8.0\bin\nvcc.exe" -gencode=arch=compute_20,code=\"sm_20,compute_20\" --use-local-env --cl-version 2015 -ccbin "D:\Softwares\Microsoft Visual Studio\2015\Community\VC\bin"  -I"C:\Program Files\NVIDIA GPU Computing Toolkit\CUDA\v8.0\include" -I"C:\Program Files\NVIDIA GPU Computing Toolkit\CUDA\v8.0\include"  -G   --keep-dir Debug -maxrregcount=0  --machine 32 --compile -cudart static  -g   -DWIN32 -D_DEBUG -D_CONSOLE -D_MBCS -Xcompiler "/EHsc /W3 /nologo /Od /FS /Zi /RTC1 /MDd " -o Debug\kernel.cu.obj "D:\Codes\CUDA\OptionSystemGPU&CPU\GPUEngine\Monte-Carlo-Engine\kernel.cu" 
c:\program files\nvidia gpu computing toolkit\cuda\v8.0\include\math_functions.h : warning C4819: The file contains a character that cannot be represented in the current code page (936). Save the file in Unicode format to prevent data loss
c:\program files\nvidia gpu computing toolkit\cuda\v8.0\include\math_functions.h(849): warning C4819: The file contains a character that cannot be represented in the current code page (936). Save the file in Unicode format to prevent data loss
c:\program files\nvidia gpu computing toolkit\cuda\v8.0\include\math_functions.h(1787): warning C4819: The file contains a character that cannot be represented in the current code page (936). Save the file in Unicode format to prevent data loss
c:\program files\nvidia gpu computing toolkit\cuda\v8.0\include\math_functions.h(2637): warning C4819: The file contains a character that cannot be represented in the current code page (936). Save the file in Unicode format to prevent data loss
c:\program files\nvidia gpu computing toolkit\cuda\v8.0\include\math_functions.h(3492): warning C4819: The file contains a character that cannot be represented in the current code page (936). Save the file in Unicode format to prevent data loss
c:\program files\nvidia gpu computing toolkit\cuda\v8.0\include\math_functions.h(4431): warning C4819: The file contains a character that cannot be represented in the current code page (936). Save the file in Unicode format to prevent data loss
c:\program files\nvidia gpu computing toolkit\cuda\v8.0\include\math_functions.h(5345): warning C4819: The file contains a character that cannot be represented in the current code page (936). Save the file in Unicode format to prevent data loss
c:\program files\nvidia gpu computing toolkit\cuda\v8.0\include\math_functions.h(6252): warning C4819: The file contains a character that cannot be represented in the current code page (936). Save the file in Unicode format to prevent data loss
c:\program files\nvidia gpu computing toolkit\cuda\v8.0\include\math_functions.h(7142): warning C4819: The file contains a character that cannot be represented in the current code page (936). Save the file in Unicode format to prevent data loss
c:\program files\nvidia gpu computing toolkit\cuda\v8.0\include\math_functions.h(7956): warning C4819: The file contains a character that cannot be represented in the current code page (936). Save the file in Unicode format to prevent data loss
c:\program files\nvidia gpu computing toolkit\cuda\v8.0\include\device_functions.h : warning C4819: The file contains a character that cannot be represented in the current code page (936). Save the file in Unicode format to prevent data loss
c:\program files\nvidia gpu computing toolkit\cuda\v8.0\include\device_functions.h(774): warning C4819: The file contains a character that cannot be represented in the current code page (936). Save the file in Unicode format to prevent data loss
c:\program files\nvidia gpu computing toolkit\cuda\v8.0\include\device_functions.h(1618): warning C4819: The file contains a character that cannot be represented in the current code page (936). Save the file in Unicode format to prevent data loss
c:\program files\nvidia gpu computing toolkit\cuda\v8.0\include\device_double_functions.h : warning C4819: The file contains a character that cannot be represented in the current code page (936). Save the file in Unicode format to prevent data loss
c:\program files\nvidia gpu computing toolkit\cuda\v8.0\include\sm_20_intrinsics.h : warning C4819: The file contains a character that cannot be represented in the current code page (936). Save the file in Unicode format to prevent data loss
c:\program files\nvidia gpu computing toolkit\cuda\v8.0\include\sm_20_intrinsics.h(943): warning C4819: The file contains a character that cannot be represented in the current code page (936). Save the file in Unicode format to prevent data loss
d:\codes\cuda\optionsystemgpu&cpu\gpuengine\monte-carlo-engine\MCNeuron.cuh(52): warning : variable "dW" was declared but never referenced
d:\codes\cuda\optionsystemgpu&cpu\gpuengine\monte-carlo-engine\MCEngine.cuh(12): warning : variable "d_state" was declared but never referenced
c:\program files\nvidia gpu computing toolkit\cuda\v8.0\include\math_functions.h : warning C4819: The file contains a character that cannot be represented in the current code page (936). Save the file in Unicode format to prevent data loss
c:\program files\nvidia gpu computing toolkit\cuda\v8.0\include\math_functions.h(849): warning C4819: The file contains a character that cannot be represented in the current code page (936). Save the file in Unicode format to prevent data loss
c:\program files\nvidia gpu computing toolkit\cuda\v8.0\include\math_functions.h(1787): warning C4819: The file contains a character that cannot be represented in the current code page (936). Save the file in Unicode format to prevent data loss
c:\program files\nvidia gpu computing toolkit\cuda\v8.0\include\math_functions.h(2637): warning C4819: The file contains a character that cannot be represented in the current code page (936). Save the file in Unicode format to prevent data loss
c:\program files\nvidia gpu computing toolkit\cuda\v8.0\include\math_functions.h(3492): warning C4819: The file contains a character that cannot be represented in the current code page (936). Save the file in Unicode format to prevent data loss
c:\program files\nvidia gpu computing toolkit\cuda\v8.0\include\math_functions.h(4431): warning C4819: The file contains a character that cannot be represented in the current code page (936). Save the file in Unicode format to prevent data loss
c:\program files\nvidia gpu computing toolkit\cuda\v8.0\include\math_functions.h(5345): warning C4819: The file contains a character that cannot be represented in the current code page (936). Save the file in Unicode format to prevent data loss
c:\program files\nvidia gpu computing toolkit\cuda\v8.0\include\math_functions.h(6252): warning C4819: The file contains a character that cannot be represented in the current code page (936). Save the file in Unicode format to prevent data loss
c:\program files\nvidia gpu computing toolkit\cuda\v8.0\include\math_functions.h(7142): warning C4819: The file contains a character that cannot be represented in the current code page (936). Save the file in Unicode format to prevent data loss
c:\program files\nvidia gpu computing toolkit\cuda\v8.0\include\math_functions.h(7956): warning C4819: The file contains a character that cannot be represented in the current code page (936). Save the file in Unicode format to prevent data loss
c:\program files\nvidia gpu computing toolkit\cuda\v8.0\include\device_functions.h : warning C4819: The file contains a character that cannot be represented in the current code page (936). Save the file in Unicode format to prevent data loss
c:\program files\nvidia gpu computing toolkit\cuda\v8.0\include\device_functions.h(774): warning C4819: The file contains a character that cannot be represented in the current code page (936). Save the file in Unicode format to prevent data loss
c:\program files\nvidia gpu computing toolkit\cuda\v8.0\include\device_functions.h(1618): warning C4819: The file contains a character that cannot be represented in the current code page (936). Save the file in Unicode format to prevent data loss
c:\program files\nvidia gpu computing toolkit\cuda\v8.0\include\device_double_functions.h : warning C4819: The file contains a character that cannot be represented in the current code page (936). Save the file in Unicode format to prevent data loss
c:\program files\nvidia gpu computing toolkit\cuda\v8.0\include\sm_20_intrinsics.h : warning C4819: The file contains a character that cannot be represented in the current code page (936). Save the file in Unicode format to prevent data loss
c:\program files\nvidia gpu computing toolkit\cuda\v8.0\include\sm_20_intrinsics.h(943): warning C4819: The file contains a character that cannot be represented in the current code page (936). Save the file in Unicode format to prevent data loss
d:\codes\cuda\optionsystemgpu&cpu\gpuengine\monte-carlo-engine\MCNeuron.cuh(52): warning : variable "dW" was declared but never referenced
d:\codes\cuda\optionsystemgpu&cpu\gpuengine\monte-carlo-engine\MCEngine.cuh(12): warning : variable "d_state" was declared but never referenced
c:\program files\nvidia gpu computing toolkit\cuda\v8.0\include\math_functions.h : warning C4819: The file contains a character that cannot be represented in the current code page (936). Save the file in Unicode format to prevent data loss
c:\program files\nvidia gpu computing toolkit\cuda\v8.0\include\math_functions.h(849): warning C4819: The file contains a character that cannot be represented in the current code page (936). Save the file in Unicode format to prevent data loss
c:\program files\nvidia gpu computing toolkit\cuda\v8.0\include\math_functions.h(1787): warning C4819: The file contains a character that cannot be represented in the current code page (936). Save the file in Unicode format to prevent data loss
c:\program files\nvidia gpu computing toolkit\cuda\v8.0\include\math_functions.h(2637): warning C4819: The file contains a character that cannot be represented in the current code page (936). Save the file in Unicode format to prevent data loss
c:\program files\nvidia gpu computing toolkit\cuda\v8.0\include\math_functions.h(3492): warning C4819: The file contains a character that cannot be represented in the current code page (936). Save the file in Unicode format to prevent data loss
c:\program files\nvidia gpu computing toolkit\cuda\v8.0\include\math_functions.h(4431): warning C4819: The file contains a character that cannot be represented in the current code page (936). Save the file in Unicode format to prevent data loss
c:\program files\nvidia gpu computing toolkit\cuda\v8.0\include\math_functions.h(5345): warning C4819: The file contains a character that cannot be represented in the current code page (936). Save the file in Unicode format to prevent data loss
c:\program files\nvidia gpu computing toolkit\cuda\v8.0\include\math_functions.h(6252): warning C4819: The file contains a character that cannot be represented in the current code page (936). Save the file in Unicode format to prevent data loss
c:\program files\nvidia gpu computing toolkit\cuda\v8.0\include\math_functions.h(7142): warning C4819: The file contains a character that cannot be represented in the current code page (936). Save the file in Unicode format to prevent data loss
c:\program files\nvidia gpu computing toolkit\cuda\v8.0\include\math_functions.h(7956): warning C4819: The file contains a character that cannot be represented in the current code page (936). Save the file in Unicode format to prevent data loss
c:\program files\nvidia gpu computing toolkit\cuda\v8.0\include\math_functions.h : warning C4819: The file contains a character that cannot be represented in the current code page (936). Save the file in Unicode format to prevent data loss
c:\program files\nvidia gpu computing toolkit\cuda\v8.0\include\math_functions.h(849): warning C4819: The file contains a character that cannot be represented in the current code page (936). Save the file in Unicode format to prevent data loss
c:\program files\nvidia gpu computing toolkit\cuda\v8.0\include\math_functions.h(1787): warning C4819: The file contains a character that cannot be represented in the current code page (936). Save the file in Unicode format to prevent data loss
c:\program files\nvidia gpu computing toolkit\cuda\v8.0\include\math_functions.h(2637): warning C4819: The file contains a character that cannot be represented in the current code page (936). Save the file in Unicode format to prevent data loss
c:\program files\nvidia gpu computing toolkit\cuda\v8.0\include\math_functions.h(3492): warning C4819: The file contains a character that cannot be represented in the current code page (936). Save the file in Unicode format to prevent data loss
c:\program files\nvidia gpu computing toolkit\cuda\v8.0\include\math_functions.h(4431): warning C4819: The file contains a character that cannot be represented in the current code page (936). Save the file in Unicode format to prevent data loss
c:\program files\nvidia gpu computing toolkit\cuda\v8.0\include\math_functions.h(5345): warning C4819: The file contains a character that cannot be represented in the current code page (936). Save the file in Unicode format to prevent data loss
c:\program files\nvidia gpu computing toolkit\cuda\v8.0\include\math_functions.h(6252): warning C4819: The file contains a character that cannot be represented in the current code page (936). Save the file in Unicode format to prevent data loss
c:\program files\nvidia gpu computing toolkit\cuda\v8.0\include\math_functions.h(7142): warning C4819: The file contains a character that cannot be represented in the current code page (936). Save the file in Unicode format to prevent data loss
c:\program files\nvidia gpu computing toolkit\cuda\v8.0\include\math_functions.h(7956): warning C4819: The file contains a character that cannot be represented in the current code page (936). Save the file in Unicode format to prevent data loss
c:\program files\nvidia gpu computing toolkit\cuda\v8.0\include\device_functions_decls.h : warning C4819: The file contains a character that cannot be represented in the current code page (936). Save the file in Unicode format to prevent data loss
c:\program files\nvidia gpu computing toolkit\cuda\v8.0\include\device_functions_decls.h(910): warning C4819: The file contains a character that cannot be represented in the current code page (936). Save the file in Unicode format to prevent data loss
c:\program files\nvidia gpu computing toolkit\cuda\v8.0\include\device_functions_decls.h(1903): warning C4819: The file contains a character that cannot be represented in the current code page (936). Save the file in Unicode format to prevent data loss
c:\program files\nvidia gpu computing toolkit\cuda\v8.0\include\device_functions_decls.h(2843): warning C4819: The file contains a character that cannot be represented in the current code page (936). Save the file in Unicode format to prevent data loss
c:\program files\nvidia gpu computing toolkit\cuda\v8.0\include\device_functions_decls.h(3779): warning C4819: The file contains a character that cannot be represented in the current code page (936). Save the file in Unicode format to prevent data loss
c:\program files\nvidia gpu computing toolkit\cuda\v8.0\include\device_functions_decls.h(4721): warning C4819: The file contains a character that cannot be represented in the current code page (936). Save the file in Unicode format to prevent data loss
c:\program files\nvidia gpu computing toolkit\cuda\v8.0\include\device_functions_decls.h(5723): warning C4819: The file contains a character that cannot be represented in the current code page (936). Save the file in Unicode format to prevent data loss
c:\program files\nvidia gpu computing toolkit\cuda\v8.0\include\device_functions_decls.h(6682): warning C4819: The file contains a character that cannot be represented in the current code page (936). Save the file in Unicode format to prevent data loss
c:\program files\nvidia gpu computing toolkit\cuda\v8.0\include\device_functions_decls.h(7610): warning C4819: The file contains a character that cannot be represented in the current code page (936). Save the file in Unicode format to prevent data loss
c:\program files\nvidia gpu computing toolkit\cuda\v8.0\include\device_functions_decls.h(8543): warning C4819: The file contains a character that cannot be represented in the current code page (936). Save the file in Unicode format to prevent data loss
c:\program files\nvidia gpu computing toolkit\cuda\v8.0\include\device_functions_decls.h(9413): warning C4819: The file contains a character that cannot be represented in the current code page (936). Save the file in Unicode format to prevent data loss
c:\program files\nvidia gpu computing toolkit\cuda\v8.0\include\device_functions_decls.h(10391): warning C4819: The file contains a character that cannot be represented in the current code page (936). Save the file in Unicode format to prevent data loss
c:\program files\nvidia gpu computing toolkit\cuda\v8.0\include\device_functions_decls.h(11435): warning C4819: The file contains a character that cannot be represented in the current code page (936). Save the file in Unicode format to prevent data loss
c:\program files\nvidia gpu computing toolkit\cuda\v8.0\include\device_functions.h : warning C4819: The file contains a character that cannot be represented in the current code page (936). Save the file in Unicode format to prevent data loss
c:\program files\nvidia gpu computing toolkit\cuda\v8.0\include\device_functions.h(774): warning C4819: The file contains a character that cannot be represented in the current code page (936). Save the file in Unicode format to prevent data loss
c:\program files\nvidia gpu computing toolkit\cuda\v8.0\include\device_functions.h(1618): warning C4819: The file contains a character that cannot be represented in the current code page (936). Save the file in Unicode format to prevent data loss
c:\program files\nvidia gpu computing toolkit\cuda\v8.0\include\device_double_functions.h : warning C4819: The file contains a character that cannot be represented in the current code page (936). Save the file in Unicode format to prevent data loss
c:\program files\nvidia gpu computing toolkit\cuda\v8.0\include\sm_20_intrinsics.h : warning C4819: The file contains a character that cannot be represented in the current code page (936). Save the file in Unicode format to prevent data loss
c:\program files\nvidia gpu computing toolkit\cuda\v8.0\include\sm_20_intrinsics.h(943): warning C4819: The file contains a character that cannot be represented in the current code page (936). Save the file in Unicode format to prevent data loss
c:\program files\nvidia gpu computing toolkit\cuda\v8.0\include\device_functions_decls.h : warning C4819: The file contains a character that cannot be represented in the current code page (936). Save the file in Unicode format to prevent data loss
c:\program files\nvidia gpu computing toolkit\cuda\v8.0\include\device_functions_decls.h(910): warning C4819: The file contains a character that cannot be represented in the current code page (936). Save the file in Unicode format to prevent data loss
c:\program files\nvidia gpu computing toolkit\cuda\v8.0\include\device_functions_decls.h(1903): warning C4819: The file contains a character that cannot be represented in the current code page (936). Save the file in Unicode format to prevent data loss
c:\program files\nvidia gpu computing toolkit\cuda\v8.0\include\device_functions_decls.h(2843): warning C4819: The file contains a character that cannot be represented in the current code page (936). Save the file in Unicode format to prevent data loss
c:\program files\nvidia gpu computing toolkit\cuda\v8.0\include\device_functions_decls.h(3779): warning C4819: The file contains a character that cannot be represented in the current code page (936). Save the file in Unicode format to prevent data loss
c:\program files\nvidia gpu computing toolkit\cuda\v8.0\include\device_functions_decls.h(4721): warning C4819: The file contains a character that cannot be represented in the current code page (936). Save the file in Unicode format to prevent data loss
c:\program files\nvidia gpu computing toolkit\cuda\v8.0\include\device_functions_decls.h(5723): warning C4819: The file contains a character that cannot be represented in the current code page (936). Save the file in Unicode format to prevent data loss
c:\program files\nvidia gpu computing toolkit\cuda\v8.0\include\device_functions_decls.h(6682): warning C4819: The file contains a character that cannot be represented in the current code page (936). Save the file in Unicode format to prevent data loss
c:\program files\nvidia gpu computing toolkit\cuda\v8.0\include\device_functions_decls.h(7610): warning C4819: The file contains a character that cannot be represented in the current code page (936). Save the file in Unicode format to prevent data loss
c:\program files\nvidia gpu computing toolkit\cuda\v8.0\include\device_functions_decls.h(8543): warning C4819: The file contains a character that cannot be represented in the current code page (936). Save the file in Unicode format to prevent data loss
c:\program files\nvidia gpu computing toolkit\cuda\v8.0\include\device_functions_decls.h(9413): warning C4819: The file contains a character that cannot be represented in the current code page (936). Save the file in Unicode format to prevent data loss
c:\program files\nvidia gpu computing toolkit\cuda\v8.0\include\device_functions_decls.h(10391): warning C4819: The file contains a character that cannot be represented in the current code page (936). Save the file in Unicode format to prevent data loss
c:\program files\nvidia gpu computing toolkit\cuda\v8.0\include\device_functions_decls.h(11435): warning C4819: The file contains a character that cannot be represented in the current code page (936). Save the file in Unicode format to prevent data loss
c:\program files\nvidia gpu computing toolkit\cuda\v8.0\include\device_functions.h : warning C4819: The file contains a character that cannot be represented in the current code page (936). Save the file in Unicode format to prevent data loss
c:\program files\nvidia gpu computing toolkit\cuda\v8.0\include\device_functions.h(774): warning C4819: The file contains a character that cannot be represented in the current code page (936). Save the file in Unicode format to prevent data loss
c:\program files\nvidia gpu computing toolkit\cuda\v8.0\include\device_functions.h(1618): warning C4819: The file contains a character that cannot be represented in the current code page (936). Save the file in Unicode format to prevent data loss
d:\codes\cuda\optionsystemgpu&cpu\gpuengine\monte-carlo-engine\MCNeuron.cuh(26): warning : 'long double' is treated as 'double' in device code
d:\codes\cuda\optionsystemgpu&cpu\gpuengine\monte-carlo-engine\MCEngine.cuh(33): warning : 'long double' is treated as 'double' in device code
d:\codes\cuda\optionsystemgpu&cpu\gpuengine\monte-carlo-engine\MCEngine.cuh(69): warning : 'long double' is treated as 'double' in device code
d:\codes\cuda\optionsystemgpu&cpu\gpuengine\monte-carlo-engine\MCEngine.cuh(105): warning : 'long double' is treated as 'double' in device code
d:\codes\cuda\optionsystemgpu&cpu\gpuengine\monte-carlo-engine\MCEngine.cuh(33): warning : 'long double' is treated as 'double' in device code
d:\codes\cuda\optionsystemgpu&cpu\gpuengine\monte-carlo-engine\MCEngine.cuh(57): warning : 'long double' is treated as 'double' in device code
d:\codes\cuda\optionsystemgpu&cpu\gpuengine\monte-carlo-engine\MCEngine.cuh(60): warning : 'long double' is treated as 'double' in device code
d:\codes\cuda\optionsystemgpu&cpu\gpuengine\monte-carlo-engine\MCEngine.cuh(65): warning : 'long double' is treated as 'double' in device code
d:\codes\cuda\optionsystemgpu&cpu\gpuengine\monte-carlo-engine\MCEngine.cuh(65): warning : 'long double' is treated as 'double' in device code
d:\codes\cuda\optionsystemgpu&cpu\gpuengine\monte-carlo-engine\MCEngine.cuh(69): warning : 'long double' is treated as 'double' in device code
d:\codes\cuda\optionsystemgpu&cpu\gpuengine\monte-carlo-engine\MCEngine.cuh(93): warning : 'long double' is treated as 'double' in device code
d:\codes\cuda\optionsystemgpu&cpu\gpuengine\monte-carlo-engine\MCEngine.cuh(96): warning : 'long double' is treated as 'double' in device code
d:\codes\cuda\optionsystemgpu&cpu\gpuengine\monte-carlo-engine\MCEngine.cuh(101): warning : 'long double' is treated as 'double' in device code
d:\codes\cuda\optionsystemgpu&cpu\gpuengine\monte-carlo-engine\MCEngine.cuh(101): warning : 'long double' is treated as 'double' in device code
d:\codes\cuda\optionsystemgpu&cpu\gpuengine\monte-carlo-engine\MCEngine.cuh(105): warning : 'long double' is treated as 'double' in device code
d:\codes\cuda\optionsystemgpu&cpu\gpuengine\monte-carlo-engine\MCEngine.cuh(129): warning : 'long double' is treated as 'double' in device code
d:\codes\cuda\optionsystemgpu&cpu\gpuengine\monte-carlo-engine\MCEngine.cuh(132): warning : 'long double' is treated as 'double' in device code
d:\codes\cuda\optionsystemgpu&cpu\gpuengine\monte-carlo-engine\MCEngine.cuh(137): warning : 'long double' is treated as 'double' in device code
d:\codes\cuda\optionsystemgpu&cpu\gpuengine\monte-carlo-engine\MCEngine.cuh(137): warning : 'long double' is treated as 'double' in device code
d:\codes\cuda\optionsystemgpu&cpu\gpuengine\monte-carlo-engine\MCNeuron.cuh(66): warning : 'long double' is treated as 'double' in device code
d:\codes\cuda\optionsystemgpu&cpu\gpuengine\monte-carlo-engine\MCNeuron.cuh(68): warning : 'long double' is treated as 'double' in device code
d:\codes\cuda\optionsystemgpu&cpu\gpuengine\monte-carlo-engine\MCNeuron.cuh(68): warning : 'long double' is treated as 'double' in device code
d:\codes\cuda\optionsystemgpu&cpu\gpuengine\monte-carlo-engine\MCNeuron.cuh(86): warning : 'long double' is treated as 'double' in device code
d:\codes\cuda\optionsystemgpu&cpu\gpuengine\monte-carlo-engine\MCNeuron.cuh(88): warning : 'long double' is treated as 'double' in device code
d:\codes\cuda\optionsystemgpu&cpu\gpuengine\monte-carlo-engine\MCNeuron.cuh(88): warning : 'long double' is treated as 'double' in device code
d:\codes\cuda\optionsystemgpu&cpu\gpuengine\monte-carlo-engine\MCNeuron.cuh(107): warning : 'long double' is treated as 'double' in device code
d:\codes\cuda\optionsystemgpu&cpu\gpuengine\monte-carlo-engine\MCNeuron.cuh(108): warning : 'long double' is treated as 'double' in device code
c:\program files\nvidia gpu computing toolkit\cuda\v8.0\include\math_functions.h : warning C4819: The file contains a character that cannot be represented in the current code page (936). Save the file in Unicode format to prevent data loss
c:\program files\nvidia gpu computing toolkit\cuda\v8.0\include\math_functions.h(849): warning C4819: The file contains a character that cannot be represented in the current code page (936). Save the file in Unicode format to prevent data loss
c:\program files\nvidia gpu computing toolkit\cuda\v8.0\include\math_functions.h(1787): warning C4819: The file contains a character that cannot be represented in the current code page (936). Save the file in Unicode format to prevent data loss
c:\program files\nvidia gpu computing toolkit\cuda\v8.0\include\math_functions.h(2637): warning C4819: The file contains a character that cannot be represented in the current code page (936). Save the file in Unicode format to prevent data loss
c:\program files\nvidia gpu computing toolkit\cuda\v8.0\include\math_functions.h(3492): warning C4819: The file contains a character that cannot be represented in the current code page (936). Save the file in Unicode format to prevent data loss
c:\program files\nvidia gpu computing toolkit\cuda\v8.0\include\math_functions.h(4431): warning C4819: The file contains a character that cannot be represented in the current code page (936). Save the file in Unicode format to prevent data loss
c:\program files\nvidia gpu computing toolkit\cuda\v8.0\include\math_functions.h(5345): warning C4819: The file contains a character that cannot be represented in the current code page (936). Save the file in Unicode format to prevent data loss
c:\program files\nvidia gpu computing toolkit\cuda\v8.0\include\math_functions.h(6252): warning C4819: The file contains a character that cannot be represented in the current code page (936). Save the file in Unicode format to prevent data loss
c:\program files\nvidia gpu computing toolkit\cuda\v8.0\include\math_functions.h(7142): warning C4819: The file contains a character that cannot be represented in the current code page (936). Save the file in Unicode format to prevent data loss
c:\program files\nvidia gpu computing toolkit\cuda\v8.0\include\math_functions.h(7956): warning C4819: The file contains a character that cannot be represented in the current code page (936). Save the file in Unicode format to prevent data loss
CUDACOMPILE : nvcc warning : The 'compute_20', 'sm_20', and 'sm_21' architectures are deprecated, and may be removed in a future release (Use -Wno-deprecated-gpu-targets to suppress warning).
  kernel.cu
d:\codes\cuda\optionsystemgpu&cpu\gpuengine\monte-carlo-engine\MCNeuron.cuh(37): warning C4244: 'initializing': conversion from 'double' to 'float', possible loss of data
d:\codes\cuda\optionsystemgpu&cpu\gpuengine\monte-carlo-engine\MCNeuron.cuh(37): warning C4244: 'initializing': conversion from 'double' to 'unsigned int', possible loss of data
d:\codes\cuda\optionsystemgpu&cpu\gpuengine\monte-carlo-engine\MCNeuron.cuh(39): warning C4244: '=': conversion from 'double' to 'float', possible loss of data
d:\codes\cuda\optionsystemgpu&cpu\gpuengine\monte-carlo-engine\MCNeuron.cuh(40): warning C4244: '=': conversion from 'double' to 'float', possible loss of data
d:\codes\cuda\optionsystemgpu&cpu\gpuengine\monte-carlo-engine\MCNeuron.cuh(41): warning C4244: '=': conversion from 'double' to 'float', possible loss of data
d:\codes\cuda\optionsystemgpu&cpu\gpuengine\monte-carlo-engine\MCNeuron.cuh(42): warning C4244: '=': conversion from 'double' to 'float', possible loss of data
d:\codes\cuda\optionsystemgpu&cpu\gpuengine\monte-carlo-engine\MCNeuron.cuh(43): warning C4244: '=': conversion from 'double' to 'unsigned int', possible loss of data
d:\codes\cuda\optionsystemgpu&cpu\gpuengine\monte-carlo-engine\MCEngine.cuh(161): warning C4244: 'initializing': conversion from 'double' to 'float', possible loss of data
d:\codes\cuda\optionsystemgpu&cpu\gpuengine\monte-carlo-engine\MCEngine.cuh(171): warning C4244: 'argument': conversion from 'time_t' to 'int', possible loss of data
d:\codes\cuda\optionsystemgpu&cpu\gpuengine\monte-carlo-engine\MCEngine.cuh(175): warning C4244: 'argument': conversion from 'time_t' to 'int', possible loss of data
d:\codes\cuda\optionsystemgpu&cpu\gpuengine\monte-carlo-engine\MCEngine.cuh(187): warning C4244: 'argument': conversion from 'double' to 'float', possible loss of data
d:\codes\cuda\optionsystemgpu&cpu\gpuengine\monte-carlo-engine\MCEngine.cuh(193): warning C4244: 'argument': conversion from 'double' to 'float', possible loss of data
d:\codes\cuda\optionsystemgpu&cpu\gpuengine\monte-carlo-engine\MCEngine.cuh(200): warning C4244: 'argument': conversion from 'double' to 'float', possible loss of data
d:\codes\cuda\optionsystemgpu&cpu\gpuengine\monte-carlo-engine\MCEngine.cuh(207): warning C4244: 'argument': conversion from 'double' to 'float', possible loss of data
d:\codes\cuda\optionsystemgpu&cpu\gpuengine\monte-carlo-engine\MCEngine.cuh(216): warning C4244: 'argument': conversion from 'double' to 'float', possible loss of data
d:\codes\cuda\optionsystemgpu&cpu\gpuengine\monte-carlo-engine\MCEngine.cuh(224): warning C4244: 'argument': conversion from 'double' to 'float', possible loss of data
  LINK : D:\Codes\CUDA\OptionSystemGPU&CPU\GPUEngine\Debug\Monte-Carlo-Engine.exe not found or not built by the last incremental link; performing full link
  Monte-Carlo-Engine.vcxproj -> D:\Codes\CUDA\OptionSystemGPU&CPU\GPUEngine\Debug\Monte-Carlo-Engine.exe
  Monte-Carlo-Engine.vcxproj -> D:\Codes\CUDA\OptionSystemGPU&CPU\GPUEngine\Debug\Monte-Carlo-Engine.pdb (Full PDB)
  copy "C:\Program Files\NVIDIA GPU Computing Toolkit\CUDA\v8.0\bin\cudart*.dll" "D:\Codes\CUDA\OptionSystemGPU&CPU\GPUEngine\Debug\"
  C:\Program Files\NVIDIA GPU Computing Toolkit\CUDA\v8.0\bin\cudart32_80.dll
  C:\Program Files\NVIDIA GPU Computing Toolkit\CUDA\v8.0\bin\cudart64_80.dll
          2 file(s) copied.
